e:\快捷方式包\大学作品\课设\os课设\multiplayerchatroom\sourcecode\x64\debug\vc143.pdb
e:\快捷方式包\大学作品\课设\os课设\multiplayerchatroom\sourcecode\x64\debug\vc143.idb
e:\快捷方式包\大学作品\课设\os课设\multiplayerchatroom\sourcecode\x64\debug\testprogram.obj
e:\快捷方式包\大学作品\课设\os课设\multiplayerchatroom\sourcecode\x64\debug\sourcecode.obj
e:\快捷方式包\大学作品\课设\os课设\multiplayerchatroom\sourcecode\x64\debug\sometools.obj
e:\快捷方式包\大学作品\课设\os课设\multiplayerchatroom\sourcecode\x64\debug\server.obj
e:\快捷方式包\大学作品\课设\os课设\multiplayerchatroom\sourcecode\x64\debug\clientcode.exe
e:\快捷方式包\大学作品\课设\os课设\multiplayerchatroom\sourcecode\x64\debug\clientcode.ilk
e:\快捷方式包\大学作品\课设\os课设\multiplayerchatroom\sourcecode\x64\debug\clientcode.pdb
e:\快捷方式包\大学作品\课设\os课设\multiplayerchatroom\sourcecode\x64\debug\sourcecode.res
e:\快捷方式包\大学作品\课设\os课设\multiplayerchatroom\sourcecode\x64\debug\userlist.res
e:\快捷方式包\大学作品\课设\os课设\multiplayerchatroom\sourcecode\x64\debug\client.obj
e:\快捷方式包\大学作品\课设\os课设\multiplayerchatroom\sourcecode\x64\debug\clientcode.tlog\cl.command.1.tlog
e:\快捷方式包\大学作品\课设\os课设\multiplayerchatroom\sourcecode\x64\debug\clientcode.tlog\cl.items.tlog
e:\快捷方式包\大学作品\课设\os课设\multiplayerchatroom\sourcecode\x64\debug\clientcode.tlog\cl.read.1.tlog
e:\快捷方式包\大学作品\课设\os课设\multiplayerchatroom\sourcecode\x64\debug\clientcode.tlog\cl.write.1.tlog
e:\快捷方式包\大学作品\课设\os课设\multiplayerchatroom\sourcecode\x64\debug\clientcode.tlog\link.command.1.tlog
e:\快捷方式包\大学作品\课设\os课设\multiplayerchatroom\sourcecode\x64\debug\clientcode.tlog\link.read.1.tlog
e:\快捷方式包\大学作品\课设\os课设\multiplayerchatroom\sourcecode\x64\debug\clientcode.tlog\link.write.1.tlog
e:\快捷方式包\大学作品\课设\os课设\multiplayerchatroom\sourcecode\x64\debug\clientcode.tlog\rc.command.1.tlog
e:\快捷方式包\大学作品\课设\os课设\multiplayerchatroom\sourcecode\x64\debug\clientcode.tlog\rc.read.1.tlog
e:\快捷方式包\大学作品\课设\os课设\multiplayerchatroom\sourcecode\x64\debug\clientcode.tlog\rc.write.1.tlog
